2025-07-29 02:27:14,553 - utils - INFO - 스캔 완료: 2개 테스트 발견
2025-07-29 02:27:14,554 - utils - WARNING - 업데이트할 내용이 없습니다.
2025-07-29 02:27:14,608 - utils - INFO - 발견된 HTML 파일: 106개
2025-07-29 02:27:14,608 - utils - ERROR - OS error writing sitemap.xml: [Errno 2] No such file or directory: ''
2025-07-29 02:27:14,608 - utils - ERROR - 사이트맵 생성 실패
2025-07-29 03:10:10,351 - utils - INFO - 스캔 완료: 2개 테스트 발견
2025-07-29 03:10:10,352 - utils - WARNING - 업데이트할 내용이 없습니다.
2025-07-29 03:10:10,407 - utils - INFO - 발견된 HTML 파일: 106개
2025-07-29 03:10:10,407 - utils - ERROR - OS error writing sitemap.xml: [Errno 2] No such file or directory: ''
2025-07-29 03:10:10,407 - utils - ERROR - 사이트맵 생성 실패
2025-07-29 03:23:01,306 - utils - INFO - 스캔 완료: 2개 테스트 발견
2025-07-29 03:23:01,307 - utils - WARNING - 업데이트할 내용이 없습니다.
2025-07-29 03:23:01,361 - utils - INFO - 발견된 HTML 파일: 106개
2025-07-29 03:23:01,361 - utils - ERROR - OS error writing sitemap.xml: [Errno 2] No such file or directory: ''
2025-07-29 03:23:01,361 - utils - ERROR - 사이트맵 생성 실패
2025-07-29 03:25:12,510 - utils - INFO - 스캔 완료: 2개 테스트 발견
2025-07-29 03:25:12,511 - utils - WARNING - 업데이트할 내용이 없습니다.
2025-07-29 03:25:12,565 - utils - INFO - 발견된 HTML 파일: 106개
2025-07-29 03:25:12,565 - utils - ERROR - OS error writing sitemap.xml: [Errno 2] No such file or directory: ''
2025-07-29 03:25:12,565 - utils - ERROR - 사이트맵 생성 실패
2025-07-30 01:09:00,232 - utils - INFO - 스캔 완료: 2개 테스트 발견
2025-07-30 01:09:00,233 - utils - WARNING - 업데이트할 내용이 없습니다.
2025-07-30 01:09:00,289 - utils - INFO - 발견된 HTML 파일: 106개
2025-07-30 01:09:00,289 - utils - ERROR - OS error writing sitemap.xml: [Errno 2] No such file or directory: ''
2025-07-30 01:09:00,289 - utils - ERROR - 사이트맵 생성 실패
2025-07-31 01:08:39,052 - utils - INFO - 스캔 완료: 2개 테스트 발견
2025-07-31 01:08:39,053 - utils - WARNING - 업데이트할 내용이 없습니다.
2025-07-31 01:08:39,107 - utils - INFO - 발견된 HTML 파일: 106개
2025-07-31 01:08:39,107 - utils - ERROR - OS error writing sitemap.xml: [Errno 2] No such file or directory: ''
2025-07-31 01:08:39,107 - utils - ERROR - 사이트맵 생성 실패
2025-08-01 01:16:14,606 - utils - INFO - 스캔 완료: 2개 테스트 발견
2025-08-01 01:16:14,608 - utils - WARNING - 업데이트할 내용이 없습니다.
2025-08-01 01:16:14,665 - utils - INFO - 발견된 HTML 파일: 106개
2025-08-01 01:16:14,666 - utils - ERROR - OS error writing sitemap.xml: [Errno 2] No such file or directory: ''
2025-08-01 01:16:14,666 - utils - ERROR - 사이트맵 생성 실패
2025-08-02 01:05:40,783 - utils - INFO - 스캔 완료: 2개 테스트 발견
2025-08-02 01:05:40,784 - utils - WARNING - 업데이트할 내용이 없습니다.
2025-08-02 01:05:40,839 - utils - INFO - 발견된 HTML 파일: 106개
2025-08-02 01:05:40,839 - utils - ERROR - OS error writing sitemap.xml: [Errno 2] No such file or directory: ''
2025-08-02 01:05:40,840 - utils - ERROR - 사이트맵 생성 실패
2025-08-03 01:15:20,996 - utils - INFO - 스캔 완료: 2개 테스트 발견
2025-08-03 01:15:20,997 - utils - WARNING - 업데이트할 내용이 없습니다.
2025-08-03 01:15:21,051 - utils - INFO - 발견된 HTML 파일: 106개
2025-08-03 01:15:21,052 - utils - ERROR - OS error writing sitemap.xml: [Errno 2] No such file or directory: ''
2025-08-03 01:15:21,052 - utils - ERROR - 사이트맵 생성 실패
2025-08-04 01:14:05,455 - utils - INFO - 스캔 완료: 2개 테스트 발견
2025-08-04 01:14:05,456 - utils - WARNING - 업데이트할 내용이 없습니다.
2025-08-04 01:14:05,516 - utils - INFO - 발견된 HTML 파일: 106개
2025-08-04 01:14:05,516 - utils - ERROR - OS error writing sitemap.xml: [Errno 2] No such file or directory: ''
2025-08-04 01:14:05,516 - utils - ERROR - 사이트맵 생성 실패
2025-08-05 01:10:21,421 - utils - INFO - 스캔 완료: 2개 테스트 발견
2025-08-05 01:10:21,423 - utils - WARNING - 업데이트할 내용이 없습니다.
2025-08-05 01:10:21,479 - utils - INFO - 발견된 HTML 파일: 106개
2025-08-05 01:10:21,480 - utils - ERROR - OS error writing sitemap.xml: [Errno 2] No such file or directory: ''
2025-08-05 01:10:21,480 - utils - ERROR - 사이트맵 생성 실패
2025-08-05 06:27:08,932 - utils - INFO - 스캔 완료: 2개 테스트 발견
2025-08-05 06:27:08,933 - utils - WARNING - 업데이트할 내용이 없습니다.
2025-08-05 06:27:08,988 - utils - INFO - 발견된 HTML 파일: 106개
2025-08-05 06:27:08,989 - utils - ERROR - OS error writing sitemap.xml: [Errno 2] No such file or directory: ''
2025-08-05 06:27:08,989 - utils - ERROR - 사이트맵 생성 실패
2025-08-05 11:08:09,318 - utils - INFO - 스캔 완료: 3개 테스트 발견
2025-08-05 11:08:09,320 - utils - WARNING - 업데이트할 내용이 없습니다.
2025-08-05 11:08:09,380 - utils - INFO - 발견된 HTML 파일: 112개
2025-08-05 11:08:09,380 - utils - ERROR - OS error writing sitemap.xml: [Errno 2] No such file or directory: ''
2025-08-05 11:08:09,380 - utils - ERROR - 사이트맵 생성 실패
2025-08-05 11:26:34,068 - utils - INFO - 스캔 완료: 3개 테스트 발견
2025-08-05 11:26:34,069 - utils - WARNING - 업데이트할 내용이 없습니다.
2025-08-05 11:26:34,124 - utils - INFO - 발견된 HTML 파일: 112개
2025-08-05 11:26:34,124 - utils - ERROR - OS error writing sitemap.xml: [Errno 2] No such file or directory: ''
2025-08-05 11:26:34,124 - utils - ERROR - 사이트맵 생성 실패
2025-08-05 11:48:32,715 - utils - INFO - 스캔 완료: 3개 테스트 발견
2025-08-05 11:48:32,716 - utils - WARNING - 업데이트할 내용이 없습니다.
2025-08-05 11:48:32,764 - utils - INFO - 발견된 HTML 파일: 113개
2025-08-05 11:48:32,765 - utils - ERROR - OS error writing sitemap.xml: [Errno 2] No such file or directory: ''
2025-08-05 11:48:32,765 - utils - ERROR - 사이트맵 생성 실패
2025-08-06 01:08:58,942 - utils - INFO - 스캔 완료: 3개 테스트 발견
2025-08-06 01:08:58,944 - utils - WARNING - 업데이트할 내용이 없습니다.
2025-08-06 01:08:59,003 - utils - INFO - 발견된 HTML 파일: 113개
2025-08-06 01:08:59,004 - utils - ERROR - OS error writing sitemap.xml: [Errno 2] No such file or directory: ''
2025-08-06 01:08:59,004 - utils - ERROR - 사이트맵 생성 실패
2025-08-07 01:09:31,662 - utils - INFO - 스캔 완료: 3개 테스트 발견
2025-08-07 01:09:31,663 - utils - WARNING - 업데이트할 내용이 없습니다.
2025-08-07 01:09:31,718 - utils - INFO - 발견된 HTML 파일: 113개
2025-08-07 01:09:31,718 - utils - ERROR - OS error writing sitemap.xml: [Errno 2] No such file or directory: ''
2025-08-07 01:09:31,718 - utils - ERROR - 사이트맵 생성 실패
2025-08-08 01:09:22,241 - utils - INFO - 스캔 완료: 3개 테스트 발견
2025-08-08 01:09:22,242 - utils - WARNING - 업데이트할 내용이 없습니다.
2025-08-08 01:09:22,300 - utils - INFO - 발견된 HTML 파일: 113개
2025-08-08 01:09:22,301 - utils - ERROR - OS error writing sitemap.xml: [Errno 2] No such file or directory: ''
2025-08-08 01:09:22,301 - utils - ERROR - 사이트맵 생성 실패
2025-08-09 01:03:16,985 - utils - INFO - 스캔 완료: 3개 테스트 발견
2025-08-09 01:03:16,986 - utils - WARNING - 업데이트할 내용이 없습니다.
2025-08-09 01:03:17,043 - utils - INFO - 발견된 HTML 파일: 113개
2025-08-09 01:03:17,043 - utils - ERROR - OS error writing sitemap.xml: [Errno 2] No such file or directory: ''
2025-08-09 01:03:17,043 - utils - ERROR - 사이트맵 생성 실패
2025-08-09 01:55:59,090 - utils - INFO - 스캔 완료: 3개 테스트 발견
2025-08-09 01:55:59,092 - utils - WARNING - 업데이트할 내용이 없습니다.
2025-08-09 01:55:59,153 - utils - INFO - 발견된 HTML 파일: 113개
2025-08-09 01:55:59,153 - utils - ERROR - OS error writing sitemap.xml: [Errno 2] No such file or directory: ''
2025-08-09 01:55:59,153 - utils - ERROR - 사이트맵 생성 실패
2025-08-10 01:12:51,182 - utils - INFO - 스캔 완료: 3개 테스트 발견
2025-08-10 01:12:51,183 - utils - WARNING - 업데이트할 내용이 없습니다.
2025-08-10 01:12:51,242 - utils - INFO - 발견된 HTML 파일: 113개
2025-08-10 01:12:51,243 - utils - ERROR - OS error writing sitemap.xml: [Errno 2] No such file or directory: ''
2025-08-10 01:12:51,243 - utils - ERROR - 사이트맵 생성 실패
2025-08-11 01:09:44,756 - utils - INFO - 스캔 완료: 3개 테스트 발견
2025-08-11 01:09:44,757 - utils - WARNING - 업데이트할 내용이 없습니다.
2025-08-11 01:09:44,814 - utils - INFO - 발견된 HTML 파일: 113개
2025-08-11 01:09:44,814 - utils - ERROR - OS error writing sitemap.xml: [Errno 2] No such file or directory: ''
2025-08-11 01:09:44,814 - utils - ERROR - 사이트맵 생성 실패
2025-08-12 01:02:51,077 - utils - INFO - 스캔 완료: 3개 테스트 발견
2025-08-12 01:02:51,078 - utils - WARNING - 업데이트할 내용이 없습니다.
2025-08-12 01:02:51,134 - utils - INFO - 발견된 HTML 파일: 113개
2025-08-12 01:02:51,134 - utils - ERROR - OS error writing sitemap.xml: [Errno 2] No such file or directory: ''
2025-08-12 01:02:51,134 - utils - ERROR - 사이트맵 생성 실패
2025-08-13 01:04:08,211 - utils - INFO - 스캔 완료: 3개 테스트 발견
2025-08-13 01:04:08,212 - utils - WARNING - 업데이트할 내용이 없습니다.
2025-08-13 01:04:08,271 - utils - INFO - 발견된 HTML 파일: 113개
2025-08-13 01:04:08,271 - utils - ERROR - OS error writing sitemap.xml: [Errno 2] No such file or directory: ''
2025-08-13 01:04:08,271 - utils - ERROR - 사이트맵 생성 실패
2025-08-14 01:04:41,531 - utils - INFO - 스캔 완료: 3개 테스트 발견
2025-08-14 01:04:41,533 - utils - WARNING - 업데이트할 내용이 없습니다.
2025-08-14 01:04:41,590 - utils - INFO - 발견된 HTML 파일: 113개
2025-08-14 01:04:41,590 - utils - ERROR - OS error writing sitemap.xml: [Errno 2] No such file or directory: ''
2025-08-14 01:04:41,590 - utils - ERROR - 사이트맵 생성 실패
2025-08-15 01:04:40,451 - utils - INFO - 스캔 완료: 3개 테스트 발견
2025-08-15 01:04:40,452 - utils - WARNING - 업데이트할 내용이 없습니다.
2025-08-15 01:04:40,510 - utils - INFO - 발견된 HTML 파일: 113개
2025-08-15 01:04:40,510 - utils - ERROR - OS error writing sitemap.xml: [Errno 2] No such file or directory: ''
2025-08-15 01:04:40,510 - utils - ERROR - 사이트맵 생성 실패
2025-08-16 01:01:33,083 - utils - INFO - 스캔 완료: 3개 테스트 발견
2025-08-16 01:01:33,084 - utils - WARNING - 업데이트할 내용이 없습니다.
2025-08-16 01:01:33,140 - utils - INFO - 발견된 HTML 파일: 113개
2025-08-16 01:01:33,141 - utils - ERROR - OS error writing sitemap.xml: [Errno 2] No such file or directory: ''
2025-08-16 01:01:33,141 - utils - ERROR - 사이트맵 생성 실패
2025-08-17 01:09:10,635 - utils - INFO - 스캔 완료: 3개 테스트 발견
2025-08-17 01:09:10,637 - utils - WARNING - 업데이트할 내용이 없습니다.
2025-08-17 01:09:10,695 - utils - INFO - 발견된 HTML 파일: 113개
2025-08-17 01:09:10,696 - utils - ERROR - OS error writing sitemap.xml: [Errno 2] No such file or directory: ''
2025-08-17 01:09:10,696 - utils - ERROR - 사이트맵 생성 실패
2025-08-18 01:08:24,446 - utils - INFO - 스캔 완료: 3개 테스트 발견
2025-08-18 01:08:24,447 - utils - WARNING - 업데이트할 내용이 없습니다.
2025-08-18 01:08:24,503 - utils - INFO - 발견된 HTML 파일: 113개
2025-08-18 01:08:24,503 - utils - ERROR - OS error writing sitemap.xml: [Errno 2] No such file or directory: ''
2025-08-18 01:08:24,503 - utils - ERROR - 사이트맵 생성 실패
2025-08-19 01:01:59,090 - utils - INFO - 스캔 완료: 3개 테스트 발견
2025-08-19 01:01:59,091 - utils - WARNING - 업데이트할 내용이 없습니다.
2025-08-19 01:01:59,149 - utils - INFO - 발견된 HTML 파일: 113개
2025-08-19 01:01:59,149 - utils - ERROR - OS error writing sitemap.xml: [Errno 2] No such file or directory: ''
2025-08-19 01:01:59,149 - utils - ERROR - 사이트맵 생성 실패
2025-08-20 00:59:59,783 - utils - INFO - 스캔 완료: 3개 테스트 발견
2025-08-20 00:59:59,785 - utils - WARNING - 업데이트할 내용이 없습니다.
2025-08-20 00:59:59,843 - utils - INFO - 발견된 HTML 파일: 113개
2025-08-20 00:59:59,844 - utils - ERROR - OS error writing sitemap.xml: [Errno 2] No such file or directory: ''
2025-08-20 00:59:59,844 - utils - ERROR - 사이트맵 생성 실패
2025-08-20 08:56:43,944 - utils - INFO - 스캔 완료: 3개 테스트 발견
2025-08-20 08:56:43,945 - utils - WARNING - 업데이트할 내용이 없습니다.
2025-08-20 08:56:43,998 - utils - INFO - SEO에서 제외: googlee53980ef2acb81e6.html
2025-08-20 08:56:43,998 - utils - INFO - SEO에서 제외: sandbox.html
2025-08-20 08:56:43,998 - utils - INFO - SEO에서 제외: yandex_1010c8523eee2722.html
2025-08-20 08:56:44,000 - utils - INFO - 발견된 HTML 파일: 110개
2025-08-20 08:56:44,001 - utils - INFO - Successfully wrote file: /home/runner/work/tests/tests/sitemap.xml
2025-08-20 08:56:44,001 - utils - INFO - 사이트맵 생성 완료: 110개 URL
2025-08-20 08:56:44,001 - utils - INFO - 사이트맵 유효성 검사 통과
2025-08-20 08:56:44,001 - utils - INFO - 사이트맵 생성 프로세스 완료
2025-08-20 17:53:08,080 - utils - INFO - SEO에서 제외: yandex_1010c8523eee2722.html
2025-08-20 17:53:08,081 - utils - INFO - SEO에서 제외: googlee53980ef2acb81e6.html
2025-08-20 17:53:08,081 - utils - INFO - SEO에서 제외: sandbox.html
2025-08-20 17:53:08,084 - utils - INFO - 발견된 HTML 파일: 110개
2025-08-20 17:53:08,084 - utils - ERROR - OS error writing sitemap.xml: [Errno 2] No such file or directory: ''
2025-08-20 17:53:08,084 - utils - ERROR - 사이트맵 생성 실패
2025-08-20 17:53:23,172 - utils - INFO - SEO에서 제외: yandex_1010c8523eee2722.html
2025-08-20 17:53:23,172 - utils - INFO - SEO에서 제외: googlee53980ef2acb81e6.html
2025-08-20 17:53:23,172 - utils - INFO - SEO에서 제외: sandbox.html
2025-08-20 17:53:23,176 - utils - INFO - 발견된 HTML 파일: 110개
2025-08-20 17:53:23,177 - utils - INFO - Successfully wrote file: /Users/sanghunbruceham/Documents/GitHub/tests/sitemap.xml
2025-08-20 17:53:23,177 - utils - INFO - 사이트맵 생성 완료: 110개 URL
2025-08-20 17:53:23,177 - utils - INFO - 사이트맵 유효성 검사 통과
2025-08-20 17:53:23,177 - utils - INFO - 사이트맵 생성 프로세스 완료
2025-08-20 18:15:00,000 - INFO - Fixed duplicate JSON-LD blocks across 85+ romance-test files2025-08-20 12:16:18,991 - utils - INFO - 스캔 완료: 3개 테스트 발견
2025-08-20 12:16:18,992 - utils - WARNING - 업데이트할 내용이 없습니다.
2025-08-20 12:16:19,054 - utils - INFO - SEO에서 제외: googlee53980ef2acb81e6.html
2025-08-20 12:16:19,054 - utils - INFO - SEO에서 제외: sandbox.html
2025-08-20 12:16:19,054 - utils - INFO - SEO에서 제외: yandex_1010c8523eee2722.html
2025-08-20 12:16:19,056 - utils - INFO - 발견된 HTML 파일: 111개
2025-08-20 12:16:19,057 - utils - INFO - Successfully wrote file: /home/runner/work/tests/tests/sitemap.xml
2025-08-20 12:16:19,057 - utils - INFO - 사이트맵 생성 완료: 111개 URL
2025-08-20 12:16:19,057 - utils - INFO - 사이트맵 유효성 검사 통과
2025-08-20 12:16:19,057 - utils - INFO - 사이트맵 생성 프로세스 완료
2025-08-21 00:59:12,400 - utils - INFO - 스캔 완료: 3개 테스트 발견
2025-08-21 00:59:12,401 - utils - WARNING - 업데이트할 내용이 없습니다.
2025-08-21 00:59:12,456 - utils - INFO - SEO에서 제외: googlee53980ef2acb81e6.html
2025-08-21 00:59:12,456 - utils - INFO - SEO에서 제외: sandbox.html
2025-08-21 00:59:12,456 - utils - INFO - SEO에서 제외: yandex_1010c8523eee2722.html
2025-08-21 00:59:12,459 - utils - INFO - 발견된 HTML 파일: 111개
2025-08-21 00:59:12,459 - utils - INFO - Successfully wrote file: /home/runner/work/tests/tests/sitemap.xml
2025-08-21 00:59:12,459 - utils - INFO - 사이트맵 생성 완료: 111개 URL
2025-08-21 00:59:12,459 - utils - INFO - 사이트맵 유효성 검사 통과
2025-08-21 00:59:12,459 - utils - INFO - 사이트맵 생성 프로세스 완료
2025-08-22 00:59:52,648 - utils - INFO - 스캔 완료: 4개 테스트 발견
2025-08-22 00:59:52,649 - utils - WARNING - 업데이트할 내용이 없습니다.
2025-08-22 00:59:52,710 - utils - INFO - SEO에서 제외: googlee53980ef2acb81e6.html
2025-08-22 00:59:52,710 - utils - INFO - SEO에서 제외: sandbox.html
2025-08-22 00:59:52,710 - utils - INFO - SEO에서 제외: yandex_1010c8523eee2722.html
2025-08-22 00:59:52,713 - utils - INFO - 발견된 HTML 파일: 112개
2025-08-22 00:59:52,713 - utils - INFO - Successfully wrote file: /home/runner/work/tests/tests/sitemap.xml
2025-08-22 00:59:52,713 - utils - INFO - 사이트맵 생성 완료: 112개 URL
2025-08-22 00:59:52,713 - utils - INFO - 사이트맵 유효성 검사 통과
2025-08-22 00:59:52,713 - utils - INFO - 사이트맵 생성 프로세스 완료
2025-08-23 00:57:47,129 - utils - INFO - 스캔 완료: 4개 테스트 발견
2025-08-23 00:57:47,130 - utils - WARNING - 업데이트할 내용이 없습니다.
2025-08-23 00:57:47,187 - utils - INFO - SEO에서 제외: googlee53980ef2acb81e6.html
2025-08-23 00:57:47,187 - utils - INFO - SEO에서 제외: sandbox.html
2025-08-23 00:57:47,187 - utils - INFO - SEO에서 제외: yandex_1010c8523eee2722.html
2025-08-23 00:57:47,189 - utils - INFO - 발견된 HTML 파일: 112개
2025-08-23 00:57:47,190 - utils - INFO - Successfully wrote file: /home/runner/work/tests/tests/sitemap.xml
2025-08-23 00:57:47,190 - utils - INFO - 사이트맵 생성 완료: 112개 URL
2025-08-23 00:57:47,190 - utils - INFO - 사이트맵 유효성 검사 통과
2025-08-23 00:57:47,190 - utils - INFO - 사이트맵 생성 프로세스 완료
2025-08-24 01:06:42,592 - utils - INFO - 스캔 완료: 4개 테스트 발견
2025-08-24 01:06:42,593 - utils - WARNING - 업데이트할 내용이 없습니다.
2025-08-24 01:06:42,651 - utils - INFO - SEO에서 제외: googlee53980ef2acb81e6.html
2025-08-24 01:06:42,651 - utils - INFO - SEO에서 제외: sandbox.html
2025-08-24 01:06:42,651 - utils - INFO - SEO에서 제외: yandex_1010c8523eee2722.html
2025-08-24 01:06:42,653 - utils - INFO - 발견된 HTML 파일: 112개
2025-08-24 01:06:42,653 - utils - INFO - Successfully wrote file: /home/runner/work/tests/tests/sitemap.xml
2025-08-24 01:06:42,653 - utils - INFO - 사이트맵 생성 완료: 112개 URL
2025-08-24 01:06:42,654 - utils - INFO - 사이트맵 유효성 검사 통과
2025-08-24 01:06:42,654 - utils - INFO - 사이트맵 생성 프로세스 완료
